#! /home/mamali/oss-cad-suite/bin/vvp
:ivl_version "13.0 (devel)" "(s20221226-568-g62727e8b2)";
:ivl_delay_selection "TYPICAL";
:vpi_time_precision - 12;
:vpi_module "/home/mamali/oss-cad-suite/lib/ivl/system.vpi";
:vpi_module "/home/mamali/oss-cad-suite/lib/ivl/vhdl_sys.vpi";
:vpi_module "/home/mamali/oss-cad-suite/lib/ivl/vhdl_textio.vpi";
:vpi_module "/home/mamali/oss-cad-suite/lib/ivl/v2005_math.vpi";
:vpi_module "/home/mamali/oss-cad-suite/lib/ivl/va_math.vpi";
:vpi_module "/home/mamali/oss-cad-suite/lib/ivl/v2009.vpi";
S_0x555583b86560 .scope package, "$unit" "$unit" 2 1;
 .timescale 0 0;
S_0x555583b866f0 .scope module, "tmr_trojan_mon_tb" "tmr_trojan_mon_tb" 3 3;
 .timescale -9 -12;
v0x555583bb3b20_0 .var "clk", 0 0;
v0x555583bb3c30_0 .var "data_in", 7 0;
v0x555583bb3cf0_0 .net "data_out", 7 0, L_0x555583bb4420;  1 drivers
v0x555583bb3de0_0 .net "fault_flag", 0 0, v0x555583bb1da0_0;  1 drivers
v0x555583bb3ed0_0 .var "rst", 0 0;
v0x555583bb4010_0 .net "sus_trojan", 0 0, v0x555583bb2440_0;  1 drivers
v0x555583bb4100_0 .var "trojan_en", 0 0;
S_0x555583b92d00 .scope module, "uut" "tmr_trojan_top_mon" 3 16, 4 3 0, S_0x555583b866f0;
 .timescale -9 -12;
    .port_info 0 /INPUT 1 "clk";
    .port_info 1 /INPUT 1 "rst";
    .port_info 2 /INPUT 8 "data_in";
    .port_info 3 /INPUT 1 "trojan_en";
    .port_info 4 /OUTPUT 8 "data_out";
    .port_info 5 /OUTPUT 1 "fault_flag";
    .port_info 6 /OUTPUT 1 "sus_trojan";
P_0x555583b92e90 .param/l "WIDTH" 0 4 4, +C4<00000000000000000000000000001000>;
v0x555583bb3030_0 .net "clk", 0 0, v0x555583bb3b20_0;  1 drivers
v0x555583bb30f0_0 .net "data_in", 7 0, v0x555583bb3c30_0;  1 drivers
v0x555583bb31b0_0 .net "data_out", 7 0, L_0x555583bb4420;  alias, 1 drivers
v0x555583bb32b0_0 .net "fault_flag", 0 0, v0x555583bb1da0_0;  alias, 1 drivers
L_0x7fc38d953018 .functor BUFT 1, C4<00000000>, C4<0>, C4<0>, C4<0>;
v0x555583bb3380_0 .net "forged", 7 0, L_0x7fc38d953018;  1 drivers
v0x555583bb3470_0 .net "majority_out", 7 0, L_0x555583b7f7f0;  1 drivers
v0x555583bb3530_0 .var "r_a", 7 0;
v0x555583bb3620_0 .var "r_b", 7 0;
v0x555583bb3730_0 .var "r_c", 7 0;
v0x555583bb3880_0 .net "rst", 0 0, v0x555583bb3ed0_0;  1 drivers
v0x555583bb3920_0 .net "sus_trojan", 0 0, v0x555583bb2440_0;  alias, 1 drivers
v0x555583bb39c0_0 .net "trojan_en", 0 0, v0x555583bb4100_0;  1 drivers
L_0x555583bb4420 .functor MUXZ 8, L_0x555583b7f7f0, L_0x7fc38d953018, v0x555583bb4100_0, C4<>;
S_0x555583b93020 .scope module, "monitor_inst" "tmr_monitor" 4 41, 5 3 0, S_0x555583b92d00;
 .timescale -9 -12;
    .port_info 0 /INPUT 1 "clk";
    .port_info 1 /INPUT 1 "rst";
    .port_info 2 /INPUT 8 "r_a";
    .port_info 3 /INPUT 8 "r_b";
    .port_info 4 /INPUT 8 "r_c";
    .port_info 5 /INPUT 8 "data_out";
    .port_info 6 /OUTPUT 1 "fault_flag";
    .port_info 7 /OUTPUT 1 "sus_trojan";
P_0x555583b735c0 .param/l "THRESH" 0 5 5, +C4<00000000000000000000000000000011>;
P_0x555583b73600 .param/l "WIDTH" 0 5 4, +C4<00000000000000000000000000001000>;
L_0x555583b7fbe0 .functor OR 1, L_0x555583bb4580, L_0x555583bb4620, C4<0>, C4<0>;
L_0x555583b7c7f0 .functor OR 1, L_0x555583b7fbe0, L_0x555583bb4760, C4<0>, C4<0>;
v0x555583b7def0_0 .net *"_ivl_0", 0 0, L_0x555583bb4580;  1 drivers
v0x555583b7e300_0 .net *"_ivl_2", 0 0, L_0x555583bb4620;  1 drivers
v0x555583b7ec20_0 .net *"_ivl_5", 0 0, L_0x555583b7fbe0;  1 drivers
v0x555583b7f010_0 .net *"_ivl_6", 0 0, L_0x555583bb4760;  1 drivers
v0x555583b7f940_0 .var "bypass_hist", 15 0;
v0x555583b7fd30_0 .net "clk", 0 0, v0x555583bb3b20_0;  alias, 1 drivers
v0x555583b7c900_0 .net "data_out", 7 0, L_0x555583bb4420;  alias, 1 drivers
v0x555583bb1da0_0 .var "fault_flag", 0 0;
v0x555583bb1e60_0 .var "mismatch_hist", 15 0;
v0x555583bb1f40_0 .net "mismatch_now", 0 0, L_0x555583b7c7f0;  1 drivers
v0x555583bb2000_0 .var "mismatch_streak", 1 0;
v0x555583bb20e0_0 .net "r_a", 7 0, v0x555583bb3530_0;  1 drivers
v0x555583bb21c0_0 .net "r_b", 7 0, v0x555583bb3620_0;  1 drivers
v0x555583bb22a0_0 .net "r_c", 7 0, v0x555583bb3730_0;  1 drivers
v0x555583bb2380_0 .net "rst", 0 0, v0x555583bb3ed0_0;  alias, 1 drivers
v0x555583bb2440_0 .var "sus_trojan", 0 0;
E_0x555583b85d90 .event posedge, v0x555583b7fd30_0;
L_0x555583bb4580 .cmp/ne 8, v0x555583bb3530_0, v0x555583bb3620_0;
L_0x555583bb4620 .cmp/ne 8, v0x555583bb3530_0, v0x555583bb3730_0;
L_0x555583bb4760 .cmp/ne 8, v0x555583bb3620_0, v0x555583bb3730_0;
S_0x555583bb2600 .scope module, "voter_inst" "tmr_core" 4 32, 6 4 0, S_0x555583b92d00;
 .timescale -9 -12;
    .port_info 0 /INPUT 8 "in_a";
    .port_info 1 /INPUT 8 "in_b";
    .port_info 2 /INPUT 8 "in_c";
    .port_info 3 /OUTPUT 8 "voted";
P_0x555583bb27b0 .param/l "WIDTH" 0 6 5, +C4<00000000000000000000000000001000>;
L_0x555583b7dda0 .functor AND 8, v0x555583bb3530_0, v0x555583bb3620_0, C4<11111111>, C4<11111111>;
L_0x555583b7e1b0 .functor AND 8, v0x555583bb3530_0, v0x555583bb3730_0, C4<11111111>, C4<11111111>;
L_0x555583b7eb50 .functor OR 8, L_0x555583b7dda0, L_0x555583b7e1b0, C4<00000000>, C4<00000000>;
L_0x555583b7ef40 .functor AND 8, v0x555583bb3620_0, v0x555583bb3730_0, C4<11111111>, C4<11111111>;
L_0x555583b7f7f0 .functor OR 8, L_0x555583b7eb50, L_0x555583b7ef40, C4<00000000>, C4<00000000>;
v0x555583bb28e0_0 .net *"_ivl_0", 7 0, L_0x555583b7dda0;  1 drivers
v0x555583bb29c0_0 .net *"_ivl_2", 7 0, L_0x555583b7e1b0;  1 drivers
v0x555583bb2aa0_0 .net *"_ivl_4", 7 0, L_0x555583b7eb50;  1 drivers
v0x555583bb2b60_0 .net *"_ivl_6", 7 0, L_0x555583b7ef40;  1 drivers
v0x555583bb2c40_0 .net "in_a", 7 0, v0x555583bb3530_0;  alias, 1 drivers
v0x555583bb2d50_0 .net "in_b", 7 0, v0x555583bb3620_0;  alias, 1 drivers
v0x555583bb2df0_0 .net "in_c", 7 0, v0x555583bb3730_0;  alias, 1 drivers
v0x555583bb2ec0_0 .net "voted", 7 0, L_0x555583b7f7f0;  alias, 1 drivers
    .scope S_0x555583b93020;
T_0 ;
    %wait E_0x555583b85d90;
    %load/vec4 v0x555583bb2380_0;
    %flag_set/vec4 8;
    %jmp/0xz  T_0.0, 8;
    %pushi/vec4 0, 0, 2;
    %assign/vec4 v0x555583bb2000_0, 0;
    %pushi/vec4 0, 0, 16;
    %assign/vec4 v0x555583bb1e60_0, 0;
    %pushi/vec4 0, 0, 16;
    %assign/vec4 v0x555583b7f940_0, 0;
    %pushi/vec4 0, 0, 1;
    %assign/vec4 v0x555583bb1da0_0, 0;
    %pushi/vec4 0, 0, 1;
    %assign/vec4 v0x555583bb2440_0, 0;
    %jmp T_0.1;
T_0.0 ;
    %load/vec4 v0x555583bb1f40_0;
    %flag_set/vec4 8;
    %jmp/0xz  T_0.2, 8;
    %load/vec4 v0x555583bb1e60_0;
    %addi 1, 0, 16;
    %assign/vec4 v0x555583bb1e60_0, 0;
T_0.2 ;
    %load/vec4 v0x555583bb1f40_0;
    %flag_set/vec4 8;
    %jmp/0xz  T_0.4, 8;
    %load/vec4 v0x555583bb2000_0;
    %addi 1, 0, 2;
    %assign/vec4 v0x555583bb2000_0, 0;
    %jmp T_0.5;
T_0.4 ;
    %pushi/vec4 0, 0, 2;
    %assign/vec4 v0x555583bb2000_0, 0;
T_0.5 ;
    %load/vec4 v0x555583bb1f40_0;
    %flag_set/vec4 9;
    %flag_get/vec4 9;
    %jmp/0 T_0.8, 9;
    %load/vec4 v0x555583b7c900_0;
    %load/vec4 v0x555583bb20e0_0;
    %cmp/e;
    %jmp/1 T_0.10, 4;
    %flag_mov 9, 4;
    %load/vec4 v0x555583b7c900_0;
    %load/vec4 v0x555583bb21c0_0;
    %cmp/e;
    %flag_or 4, 9;
T_0.10;
    %flag_get/vec4 4;
    %jmp/1 T_0.9, 4;
    %load/vec4 v0x555583b7c900_0;
    %load/vec4 v0x555583bb22a0_0;
    %cmp/e;
    %flag_get/vec4 4;
    %or;
T_0.9;
    %and;
T_0.8;
    %flag_set/vec4 8;
    %jmp/0xz  T_0.6, 8;
    %load/vec4 v0x555583b7f940_0;
    %addi 1, 0, 16;
    %assign/vec4 v0x555583b7f940_0, 0;
T_0.6 ;
    %pushi/vec4 3, 0, 32;
    %load/vec4 v0x555583bb2000_0;
    %pad/u 32;
    %cmp/u;
    %flag_get/vec4 4;
    %flag_get/vec4 5;
    %or;
    %assign/vec4 v0x555583bb1da0_0, 0;
    %pushi/vec4 3, 0, 32;
    %load/vec4 v0x555583bb2000_0;
    %pad/u 32;
    %cmp/u;
    %flag_get/vec4 4;
    %flag_get/vec4 5;
    %or;
    %assign/vec4 v0x555583bb2440_0, 0;
T_0.1 ;
    %jmp T_0;
    .thread T_0;
    .scope S_0x555583b92d00;
T_1 ;
    %wait E_0x555583b85d90;
    %load/vec4 v0x555583bb3880_0;
    %flag_set/vec4 8;
    %jmp/0xz  T_1.0, 8;
    %pushi/vec4 0, 0, 8;
    %assign/vec4 v0x555583bb3530_0, 0;
    %pushi/vec4 0, 0, 8;
    %assign/vec4 v0x555583bb3620_0, 0;
    %pushi/vec4 0, 0, 8;
    %assign/vec4 v0x555583bb3730_0, 0;
    %jmp T_1.1;
T_1.0 ;
    %load/vec4 v0x555583bb30f0_0;
    %assign/vec4 v0x555583bb3530_0, 0;
    %load/vec4 v0x555583bb30f0_0;
    %assign/vec4 v0x555583bb3620_0, 0;
    %load/vec4 v0x555583bb39c0_0;
    %flag_set/vec4 8;
    %jmp/0 T_1.2, 8;
    %load/vec4 v0x555583bb3380_0;
    %jmp/1 T_1.3, 8;
T_1.2 ; End of true expr.
    %load/vec4 v0x555583bb30f0_0;
    %jmp/0 T_1.3, 8;
 ; End of false expr.
    %blend;
T_1.3;
    %assign/vec4 v0x555583bb3730_0, 0;
T_1.1 ;
    %jmp T_1;
    .thread T_1;
    .scope S_0x555583b866f0;
T_2 ;
    %pushi/vec4 0, 0, 1;
    %store/vec4 v0x555583bb3b20_0, 0, 1;
    %pushi/vec4 1, 0, 1;
    %store/vec4 v0x555583bb3ed0_0, 0, 1;
    %end;
    .thread T_2, $init;
    .scope S_0x555583b866f0;
T_3 ;
    %delay 5000, 0;
    %load/vec4 v0x555583bb3b20_0;
    %inv;
    %store/vec4 v0x555583bb3b20_0, 0, 1;
    %jmp T_3;
    .thread T_3;
    .scope S_0x555583b866f0;
T_4 ;
    %vpi_call/w 3 27 "$dumpfile", "tmr_trojan_temporal.vcd" {0 0 0};
    %vpi_call/w 3 28 "$dumpvars", 32'sb00000000000000000000000000000000, S_0x555583b866f0 {0 0 0};
    %pushi/vec4 85, 0, 8;
    %store/vec4 v0x555583bb3c30_0, 0, 8;
    %pushi/vec4 0, 0, 1;
    %store/vec4 v0x555583bb4100_0, 0, 1;
    %pushi/vec4 3, 0, 32;
T_4.0 %dup/vec4;
    %cmpi/s 0, 0, 32;
    %jmp/1xz T_4.1, 5;
    %jmp/1 T_4.1, 4;
    %subi 1, 0, 32;
    %wait E_0x555583b85d90;
    %jmp T_4.0;
T_4.1 ;
    %pop/vec4 1;
    %pushi/vec4 0, 0, 1;
    %store/vec4 v0x555583bb3ed0_0, 0, 1;
    %pushi/vec4 8, 0, 32;
T_4.2 %dup/vec4;
    %cmpi/s 0, 0, 32;
    %jmp/1xz T_4.3, 5;
    %jmp/1 T_4.3, 4;
    %subi 1, 0, 32;
    %wait E_0x555583b85d90;
    %jmp T_4.2;
T_4.3 ;
    %pop/vec4 1;
    %vpi_call/w 3 38 "$display", "TRANSIENT FAULT" {0 0 0};
    %pushi/vec4 170, 0, 8;
    %force/vec4 v0x555583bb3620_0;
    %pushi/vec4 2, 0, 32;
T_4.4 %dup/vec4;
    %cmpi/s 0, 0, 32;
    %jmp/1xz T_4.5, 5;
    %jmp/1 T_4.5, 4;
    %subi 1, 0, 32;
    %wait E_0x555583b85d90;
    %jmp T_4.4;
T_4.5 ;
    %pop/vec4 1;
    %release/reg v0x555583bb3620_0, 0, 8;
    %pushi/vec4 10, 0, 32;
T_4.6 %dup/vec4;
    %cmpi/s 0, 0, 32;
    %jmp/1xz T_4.7, 5;
    %jmp/1 T_4.7, 4;
    %subi 1, 0, 32;
    %wait E_0x555583b85d90;
    %jmp T_4.6;
T_4.7 ;
    %pop/vec4 1;
    %vpi_call/w 3 45 "$display", "TROJAN BYPASS ON" {0 0 0};
    %pushi/vec4 1, 0, 1;
    %store/vec4 v0x555583bb4100_0, 0, 1;
    %pushi/vec4 10, 0, 32;
T_4.8 %dup/vec4;
    %cmpi/s 0, 0, 32;
    %jmp/1xz T_4.9, 5;
    %jmp/1 T_4.9, 4;
    %subi 1, 0, 32;
    %wait E_0x555583b85d90;
    %jmp T_4.8;
T_4.9 ;
    %pop/vec4 1;
    %pushi/vec4 0, 0, 1;
    %store/vec4 v0x555583bb4100_0, 0, 1;
    %pushi/vec4 10, 0, 32;
T_4.10 %dup/vec4;
    %cmpi/s 0, 0, 32;
    %jmp/1xz T_4.11, 5;
    %jmp/1 T_4.11, 4;
    %subi 1, 0, 32;
    %wait E_0x555583b85d90;
    %jmp T_4.10;
T_4.11 ;
    %pop/vec4 1;
    %vpi_call/w 3 52 "$finish" {0 0 0};
    %end;
    .thread T_4;
# The file index is used to find the file name in the following table.
:file_names 7;
    "N/A";
    "<interactive>";
    "-";
    "tmr_trojan_mon_tb.v";
    "tmr_trojan_top_mon.v";
    "tmr_monitor.v";
    "tmr_core.v";
